  Blocked32.cpp
C:\Users\yajunseo\Desktop\practice\Api-project\Blocked32\Blocked32\Blocked32.cpp(131,17): warning C4244: '초기화 중': 'LONG'에서 'float'(으)로 변환하면서 데이터가 손실될 수 있습니다.
C:\Users\yajunseo\Desktop\practice\Api-project\Blocked32\Blocked32\Blocked32.cpp(132,18): warning C4244: '초기화 중': 'LONG'에서 'float'(으)로 변환하면서 데이터가 손실될 수 있습니다.
C:\Users\yajunseo\Desktop\practice\Api-project\Blocked32\Blocked32\Blocked32.cpp(140,38): warning C4838: 'float'에서 'LONG'(으)로의 변환에는 축소 변환이 필요합니다.
C:\Users\yajunseo\Desktop\practice\Api-project\Blocked32\Blocked32\Blocked32.cpp(140,38): warning C4244: '초기화 중': 'float'에서 'LONG'(으)로 변환하면서 데이터가 손실될 수 있습니다.
C:\Users\yajunseo\Desktop\practice\Api-project\Blocked32\Blocked32\Blocked32.cpp(140,54): warning C4838: 'float'에서 'LONG'(으)로의 변환에는 축소 변환이 필요합니다.
C:\Users\yajunseo\Desktop\practice\Api-project\Blocked32\Blocked32\Blocked32.cpp(140,54): warning C4244: '초기화 중': 'float'에서 'LONG'(으)로 변환하면서 데이터가 손실될 수 있습니다.
C:\Users\yajunseo\Desktop\practice\Api-project\Blocked32\Blocked32\Blocked32.cpp(140,74): warning C4838: 'float'에서 'LONG'(으)로의 변환에는 축소 변환이 필요합니다.
C:\Users\yajunseo\Desktop\practice\Api-project\Blocked32\Blocked32\Blocked32.cpp(140,74): warning C4244: '초기화 중': 'float'에서 'LONG'(으)로 변환하면서 데이터가 손실될 수 있습니다.
C:\Users\yajunseo\Desktop\practice\Api-project\Blocked32\Blocked32\Blocked32.cpp(140,91): warning C4838: 'float'에서 'LONG'(으)로의 변환에는 축소 변환이 필요합니다.
C:\Users\yajunseo\Desktop\practice\Api-project\Blocked32\Blocked32\Blocked32.cpp(140,91): warning C4244: '초기화 중': 'float'에서 'LONG'(으)로 변환하면서 데이터가 손실될 수 있습니다.
C:\Users\yajunseo\Desktop\practice\Api-project\Blocked32\Blocked32\Blocked32.cpp(141,48): warning C4838: 'float'에서 'LONG'(으)로의 변환에는 축소 변환이 필요합니다.
C:\Users\yajunseo\Desktop\practice\Api-project\Blocked32\Blocked32\Blocked32.cpp(141,48): warning C4244: '초기화 중': 'float'에서 'LONG'(으)로 변환하면서 데이터가 손실될 수 있습니다.
C:\Users\yajunseo\Desktop\practice\Api-project\Blocked32\Blocked32\Blocked32.cpp(141,67): warning C4838: 'float'에서 'LONG'(으)로의 변환에는 축소 변환이 필요합니다.
C:\Users\yajunseo\Desktop\practice\Api-project\Blocked32\Blocked32\Blocked32.cpp(141,67): warning C4244: '초기화 중': 'float'에서 'LONG'(으)로 변환하면서 데이터가 손실될 수 있습니다.
C:\Users\yajunseo\Desktop\practice\Api-project\Blocked32\Blocked32\Blocked32.cpp(141,92): warning C4838: 'float'에서 'LONG'(으)로의 변환에는 축소 변환이 필요합니다.
C:\Users\yajunseo\Desktop\practice\Api-project\Blocked32\Blocked32\Blocked32.cpp(141,92): warning C4244: '초기화 중': 'float'에서 'LONG'(으)로 변환하면서 데이터가 손실될 수 있습니다.
C:\Users\yajunseo\Desktop\practice\Api-project\Blocked32\Blocked32\Blocked32.cpp(142,48): warning C4838: 'float'에서 'LONG'(으)로의 변환에는 축소 변환이 필요합니다.
C:\Users\yajunseo\Desktop\practice\Api-project\Blocked32\Blocked32\Blocked32.cpp(142,48): warning C4244: '초기화 중': 'float'에서 'LONG'(으)로 변환하면서 데이터가 손실될 수 있습니다.
C:\Users\yajunseo\Desktop\practice\Api-project\Blocked32\Blocked32\Blocked32.cpp(142,67): warning C4838: 'float'에서 'LONG'(으)로의 변환에는 축소 변환이 필요합니다.
C:\Users\yajunseo\Desktop\practice\Api-project\Blocked32\Blocked32\Blocked32.cpp(142,67): warning C4244: '초기화 중': 'float'에서 'LONG'(으)로 변환하면서 데이터가 손실될 수 있습니다.
C:\Users\yajunseo\Desktop\practice\Api-project\Blocked32\Blocked32\Blocked32.cpp(142,92): warning C4838: 'float'에서 'LONG'(으)로의 변환에는 축소 변환이 필요합니다.
C:\Users\yajunseo\Desktop\practice\Api-project\Blocked32\Blocked32\Blocked32.cpp(142,92): warning C4244: '초기화 중': 'float'에서 'LONG'(으)로 변환하면서 데이터가 손실될 수 있습니다.
C:\Users\yajunseo\Desktop\practice\Api-project\Blocked32\Blocked32\Blocked32.cpp(230,42): warning C4244: '인수': 'float'에서 'int'(으)로 변환하면서 데이터가 손실될 수 있습니다.
C:\Users\yajunseo\Desktop\practice\Api-project\Blocked32\Blocked32\Blocked32.cpp(231,47): warning C4244: '인수': 'float'에서 'int'(으)로 변환하면서 데이터가 손실될 수 있습니다.
C:\Users\yajunseo\Desktop\practice\Api-project\Blocked32\Blocked32\Blocked32.cpp(231,40): warning C4244: '인수': 'float'에서 'int'(으)로 변환하면서 데이터가 손실될 수 있습니다.
C:\Users\yajunseo\Desktop\practice\Api-project\Blocked32\Blocked32\Blocked32.cpp(232,33): warning C4244: '인수': 'float'에서 'int'(으)로 변환하면서 데이터가 손실될 수 있습니다.
C:\Users\yajunseo\Desktop\practice\Api-project\Blocked32\Blocked32\Blocked32.cpp(233,31): warning C4244: '인수': 'float'에서 'int'(으)로 변환하면서 데이터가 손실될 수 있습니다.
C:\Users\yajunseo\Desktop\practice\Api-project\Blocked32\Blocked32\Blocked32.cpp(269,104): warning C4244: '인수': 'float'에서 'int'(으)로 변환하면서 데이터가 손실될 수 있습니다.
C:\Users\yajunseo\Desktop\practice\Api-project\Blocked32\Blocked32\Blocked32.cpp(269,87): warning C4244: '인수': 'float'에서 'int'(으)로 변환하면서 데이터가 손실될 수 있습니다.
C:\Users\yajunseo\Desktop\practice\Api-project\Blocked32\Blocked32\Blocked32.cpp(271,104): warning C4244: '인수': 'float'에서 'int'(으)로 변환하면서 데이터가 손실될 수 있습니다.
C:\Users\yajunseo\Desktop\practice\Api-project\Blocked32\Blocked32\Blocked32.cpp(271,87): warning C4244: '인수': 'float'에서 'int'(으)로 변환하면서 데이터가 손실될 수 있습니다.
C:\Users\yajunseo\Desktop\practice\Api-project\Blocked32\Blocked32\Blocked32.cpp(273,104): warning C4244: '인수': 'float'에서 'int'(으)로 변환하면서 데이터가 손실될 수 있습니다.
C:\Users\yajunseo\Desktop\practice\Api-project\Blocked32\Blocked32\Blocked32.cpp(273,87): warning C4244: '인수': 'float'에서 'int'(으)로 변환하면서 데이터가 손실될 수 있습니다.
C:\Users\yajunseo\Desktop\practice\Api-project\Blocked32\Blocked32\Blocked32.cpp(280,70): warning C4267: '인수': 'size_t'에서 'int'(으)로 변환하면서 데이터가 손실될 수 있습니다.
  Blocked32.vcxproj -> C:\Users\yajunseo\Desktop\practice\Api-project\Blocked32\x64\Debug\Blocked32.exe
